mode: set
myflixbot/executor.go:16.90,18.15 2 0
myflixbot/executor.go:21.2,21.29 1 0
myflixbot/executor.go:18.15,20.3 1 0
myflixbot/main.go:33.28,33.78 1 0
myflixbot/main.go:34.28,34.78 1 0
myflixbot/main.go:35.28,35.81 1 0
myflixbot/main.go:36.28,36.81 1 0
myflixbot/main.go:51.50,53.40 1 1
myflixbot/main.go:59.2,60.54 2 0
myflixbot/main.go:66.2,66.17 1 0
myflixbot/main.go:53.40,54.18 1 1
myflixbot/main.go:54.18,56.4 1 1
myflixbot/main.go:60.54,62.16 2 0
myflixbot/main.go:62.16,64.4 1 0
myflixbot/main.go:69.42,70.40 1 1
myflixbot/main.go:73.2,73.17 1 1
myflixbot/main.go:70.40,72.3 1 1
myflixbot/main.go:76.52,77.40 1 1
myflixbot/main.go:82.2,82.17 1 1
myflixbot/main.go:77.40,78.60 1 0
myflixbot/main.go:78.60,80.4 1 0
myflixbot/main.go:85.13,86.58 1 1
myflixbot/main.go:86.58,88.3 1 0
myflixbot/main.go:107.45,109.79 2 0
myflixbot/main.go:121.2,121.18 1 0
myflixbot/main.go:109.79,110.17 1 0
myflixbot/main.go:113.3,113.17 1 0
myflixbot/main.go:119.3,119.13 1 0
myflixbot/main.go:110.17,112.4 1 0
myflixbot/main.go:113.17,115.18 2 0
myflixbot/main.go:115.18,117.5 1 0
myflixbot/main.go:124.38,128.2 3 0
myflixbot/main.go:158.54,166.44 2 0
myflixbot/main.go:169.2,169.43 1 0
myflixbot/main.go:172.2,172.54 1 0
myflixbot/main.go:181.2,181.10 1 0
myflixbot/main.go:166.44,168.3 1 0
myflixbot/main.go:169.43,171.3 1 0
myflixbot/main.go:172.54,173.30 1 0
myflixbot/main.go:173.30,175.34 2 0
myflixbot/main.go:175.34,177.10 2 0
myflixbot/main.go:195.68,198.50 3 0
myflixbot/main.go:202.2,202.20 1 0
myflixbot/main.go:203.2,203.28 1 0
myflixbot/main.go:198.50,199.21 1 0
myflixbot/main.go:200.3,200.28 1 0
myflixbot/main.go:199.21,199.50 1 0
myflixbot/main.go:202.20,202.50 1 0
myflixbot/main.go:206.58,207.63 1 0
myflixbot/main.go:208.2,214.21 5 0
myflixbot/main.go:220.2,220.21 1 0
myflixbot/main.go:224.2,227.16 4 0
myflixbot/main.go:231.2,233.28 2 0
myflixbot/main.go:242.2,243.66 2 0
myflixbot/main.go:248.2,248.40 1 0
myflixbot/main.go:253.2,254.20 2 0
myflixbot/main.go:255.2,258.14 4 0
myflixbot/main.go:207.63,207.77 1 0
myflixbot/main.go:214.21,218.3 3 0
myflixbot/main.go:220.21,222.3 1 0
myflixbot/main.go:227.16,230.3 2 0
myflixbot/main.go:233.28,235.23 2 0
myflixbot/main.go:238.3,239.13 2 0
myflixbot/main.go:235.23,237.4 1 0
myflixbot/main.go:243.66,246.3 2 0
myflixbot/main.go:248.40,251.3 3 0
myflixbot/main.go:254.20,254.44 1 0
myflixbot/main.go:254.49,254.74 1 0
myflixbot/main.go:261.62,267.63 5 0
myflixbot/main.go:295.2,296.22 2 0
myflixbot/main.go:297.2,297.16 1 0
myflixbot/main.go:267.63,268.30 1 0
myflixbot/main.go:268.30,272.44 3 0
myflixbot/main.go:272.44,275.25 2 0
myflixbot/main.go:286.5,286.16 1 0
myflixbot/main.go:275.25,277.6 1 0
myflixbot/main.go:277.11,279.12 2 0
myflixbot/main.go:279.12,280.73 1 0
myflixbot/main.go:280.73,282.8 1 0
myflixbot/main.go:286.16,290.27 2 0
myflixbot/main.go:290.27,290.37 1 0
myflixbot/main.go:296.22,296.56 1 0
myflixbot/main.go:301.85,306.14 4 0
myflixbot/main.go:312.2,314.23 3 0
myflixbot/main.go:317.2,320.20 3 0
myflixbot/main.go:324.2,325.84 1 0
myflixbot/main.go:306.14,308.3 1 0
myflixbot/main.go:308.8,308.21 1 0
myflixbot/main.go:308.21,310.3 1 0
myflixbot/main.go:314.23,316.3 1 0
myflixbot/main.go:320.20,322.3 1 0
myflixbot/main.go:328.32,341.26 3 0
myflixbot/main.go:354.2,355.15 2 0
myflixbot/main.go:341.26,342.52 1 0
myflixbot/main.go:345.3,346.55 2 0
myflixbot/main.go:342.52,343.12 1 0
myflixbot/main.go:346.55,351.4 4 0
myflixbot/main.go:359.41,373.42 8 0
myflixbot/main.go:374.2,380.33 5 0
myflixbot/main.go:381.2,383.21 3 0
myflixbot/main.go:384.2,384.59 1 0
myflixbot/main.go:373.42,373.55 1 0
myflixbot/main.go:380.33,380.46 1 0
myflixbot/main.go:383.21,383.34 1 0
myflixbot/main.go:388.62,397.48 6 0
myflixbot/main.go:408.2,408.15 1 0
myflixbot/main.go:417.2,418.43 2 0
myflixbot/main.go:422.2,423.36 2 0
myflixbot/main.go:430.2,430.58 1 0
myflixbot/main.go:453.2,454.31 2 0
myflixbot/main.go:479.2,480.31 2 0
myflixbot/main.go:532.2,532.15 1 0
myflixbot/main.go:397.48,398.53 1 0
myflixbot/main.go:399.3,400.17 2 0
myflixbot/main.go:398.53,398.78 1 0
myflixbot/main.go:398.83,398.98 1 0
myflixbot/main.go:398.98,398.126 1 0
myflixbot/main.go:400.17,403.4 2 0
myflixbot/main.go:404.8,406.3 1 0
myflixbot/main.go:408.15,410.18 2 0
myflixbot/main.go:410.18,413.29 3 0
myflixbot/main.go:413.29,413.46 1 0
myflixbot/main.go:418.43,420.3 1 0
myflixbot/main.go:424.11,425.14 1 0
myflixbot/main.go:426.15,427.19 1 0
myflixbot/main.go:430.58,432.18 2 0
myflixbot/main.go:439.3,442.17 4 0
myflixbot/main.go:445.3,450.25 4 0
myflixbot/main.go:432.18,433.43 1 0
myflixbot/main.go:433.43,435.5 1 0
myflixbot/main.go:435.10,437.5 1 0
myflixbot/main.go:442.17,444.4 1 0
myflixbot/main.go:454.31,456.3 1 0
myflixbot/main.go:456.8,456.65 1 0
myflixbot/main.go:456.65,458.3 1 0
myflixbot/main.go:458.8,463.13 4 0
myflixbot/main.go:464.3,464.13 1 0
myflixbot/main.go:465.3,467.26 2 0
myflixbot/main.go:463.13,463.63 2 0
myflixbot/main.go:464.13,464.60 2 0
myflixbot/main.go:467.26,468.21 1 0
myflixbot/main.go:472.4,472.21 1 0
myflixbot/main.go:468.21,471.5 2 0
myflixbot/main.go:472.21,475.5 2 0
myflixbot/main.go:480.31,481.23 1 0
myflixbot/main.go:484.3,485.21 2 0
myflixbot/main.go:488.3,488.26 1 0
myflixbot/main.go:492.3,493.19 2 0
myflixbot/main.go:496.3,497.38 2 0
myflixbot/main.go:502.3,502.38 1 0
myflixbot/main.go:506.3,507.51 2 0
myflixbot/main.go:511.3,514.22 2 0
myflixbot/main.go:528.3,530.5 1 0
myflixbot/main.go:481.23,482.9 1 0
myflixbot/main.go:485.21,487.4 1 0
myflixbot/main.go:488.26,489.12 1 0
myflixbot/main.go:493.19,495.4 1 0
myflixbot/main.go:497.38,499.4 1 0
myflixbot/main.go:502.38,503.12 1 0
myflixbot/main.go:507.51,509.4 1 0
myflixbot/main.go:514.22,518.55 4 0
myflixbot/main.go:518.55,522.23 4 0
myflixbot/main.go:522.23,524.6 1 0
myflixbot/main.go:536.88,539.27 3 0
myflixbot/main.go:542.2,544.37 2 0
myflixbot/main.go:547.2,547.12 1 0
myflixbot/main.go:539.27,541.3 1 0
myflixbot/main.go:544.37,546.3 1 0
myflixbot/main.go:550.34,552.23 2 0
myflixbot/main.go:555.2,555.30 1 0
myflixbot/main.go:552.23,554.3 1 0
myflixbot/main.go:558.42,559.44 1 0
myflixbot/main.go:562.2,562.15 1 0
myflixbot/main.go:559.44,561.3 1 0
myflixbot/main.go:565.52,572.44 2 0
myflixbot/main.go:575.2,575.43 1 0
myflixbot/main.go:578.2,578.47 1 0
myflixbot/main.go:586.2,586.54 1 0
myflixbot/main.go:595.2,595.10 1 0
myflixbot/main.go:572.44,574.3 1 0
myflixbot/main.go:575.43,577.3 1 0
myflixbot/main.go:578.47,580.3 1 0
myflixbot/main.go:580.8,580.73 1 0
myflixbot/main.go:580.73,581.51 1 0
myflixbot/main.go:581.51,583.4 1 0
myflixbot/main.go:586.54,587.30 1 0
myflixbot/main.go:587.30,589.39 2 0
myflixbot/main.go:589.39,591.10 2 0
myflixbot/main.go:598.54,600.16 2 0
myflixbot/main.go:603.2,606.16 3 0
myflixbot/main.go:609.2,612.12 3 0
myflixbot/main.go:600.16,602.3 1 0
myflixbot/main.go:606.16,608.3 1 0
myflixbot/main.go:615.41,628.22 8 0
myflixbot/main.go:631.2,637.19 6 0
myflixbot/main.go:628.22,630.3 1 0
myflixbot/main.go:640.55,644.76 2 0
myflixbot/main.go:649.2,660.43 6 0
myflixbot/main.go:644.76,646.3 1 0
myflixbot/main.go:663.43,668.25 3 0
myflixbot/main.go:673.2,677.19 4 0
myflixbot/main.go:680.2,685.19 5 0
myflixbot/main.go:668.25,669.56 1 0
myflixbot/main.go:669.56,671.4 1 0
myflixbot/main.go:677.19,679.3 1 0
myflixbot/main.go:688.57,692.76 2 0
myflixbot/main.go:697.2,708.43 6 0
myflixbot/main.go:692.76,694.3 1 0
myflixbot/main.go:711.48,714.27 3 0
myflixbot/main.go:717.2,718.12 2 0
myflixbot/main.go:714.27,716.3 1 0
myflixbot/main.go:721.40,722.24 1 0
myflixbot/main.go:725.2,725.45 1 0
myflixbot/main.go:722.24,724.3 1 0
myflixbot/main.go:728.36,729.24 1 0
myflixbot/main.go:732.2,736.11 5 0
myflixbot/main.go:739.2,739.45 1 0
myflixbot/main.go:729.24,731.3 1 0
myflixbot/main.go:736.11,738.3 1 0
myflixbot/main.go:742.35,744.23 2 0
myflixbot/main.go:747.2,747.30 1 0
myflixbot/main.go:744.23,746.3 1 0
myflixbot/main.go:750.40,765.2 8 0
myflixbot/main.go:767.55,769.14 2 0
myflixbot/main.go:772.2,780.12 7 0
myflixbot/main.go:783.2,783.41 1 0
myflixbot/main.go:769.14,771.3 1 0
myflixbot/main.go:780.12,782.3 1 0
myflixbot/main.go:786.75,788.32 2 0
myflixbot/main.go:796.2,796.21 1 0
myflixbot/main.go:801.2,802.32 2 0
myflixbot/main.go:817.2,818.21 2 0
myflixbot/main.go:822.2,824.25 3 0
myflixbot/main.go:825.2,825.22 1 0
myflixbot/main.go:827.2,827.21 1 0
myflixbot/main.go:831.2,839.40 6 0
myflixbot/main.go:864.2,867.39 3 0
myflixbot/main.go:873.2,874.22 2 0
myflixbot/main.go:877.2,880.12 3 0
myflixbot/main.go:883.2,883.41 1 0
myflixbot/main.go:788.32,789.22 1 0
myflixbot/main.go:789.22,791.4 1 0
myflixbot/main.go:791.9,793.4 1 0
myflixbot/main.go:796.21,798.3 1 0
myflixbot/main.go:802.32,803.21 1 0
myflixbot/main.go:803.21,804.53 1 0
myflixbot/main.go:804.53,806.5 1 0
myflixbot/main.go:807.9,809.10 2 0
myflixbot/main.go:809.10,810.71 1 0
myflixbot/main.go:810.71,812.6 1 0
myflixbot/main.go:818.21,820.3 1 0
myflixbot/main.go:824.25,824.48 2 0
myflixbot/main.go:825.22,825.42 1 0
myflixbot/main.go:827.21,829.3 1 0
myflixbot/main.go:839.40,841.21 2 0
myflixbot/main.go:852.3,853.14 2 0
myflixbot/main.go:857.3,861.80 4 0
myflixbot/main.go:841.21,843.4 1 0
myflixbot/main.go:843.9,845.20 2 0
myflixbot/main.go:845.20,846.71 1 0
myflixbot/main.go:846.71,848.6 1 0
myflixbot/main.go:853.14,855.4 1 0
myflixbot/main.go:867.39,869.27 2 0
myflixbot/main.go:870.3,870.53 1 0
myflixbot/main.go:869.27,869.51 1 0
myflixbot/main.go:874.22,876.3 1 0
myflixbot/main.go:880.12,882.3 1 0
myflixbot/main.go:886.54,889.16 3 0
myflixbot/main.go:892.2,897.29 5 0
myflixbot/main.go:904.2,907.30 3 0
myflixbot/main.go:930.2,935.12 5 0
myflixbot/main.go:938.2,938.42 1 0
myflixbot/main.go:889.16,891.3 1 0
myflixbot/main.go:897.29,899.79 2 0
myflixbot/main.go:899.79,901.4 1 0
myflixbot/main.go:907.30,909.3 1 0
myflixbot/main.go:909.8,910.36 1 0
myflixbot/main.go:910.36,917.21 6 0
myflixbot/main.go:920.4,920.56 1 0
myflixbot/main.go:924.4,926.85 3 0
myflixbot/main.go:917.21,919.5 1 0
myflixbot/main.go:920.56,922.5 1 0
myflixbot/main.go:935.12,937.3 1 0
myflixbot/main.go:942.35,946.16 4 0
myflixbot/main.go:946.16,948.3 1 0
myflixbot/main.go:951.24,953.21 2 0
myflixbot/main.go:953.21,955.17 2 0
myflixbot/main.go:958.3,959.17 2 0
myflixbot/main.go:962.3,964.17 2 0
myflixbot/main.go:955.17,956.12 1 0
myflixbot/main.go:959.17,960.12 1 0
myflixbot/main.go:964.17,967.4 2 0
myflixbot/main.go:967.9,967.24 1 0
myflixbot/main.go:967.24,969.4 1 0
myflixbot/main.go:973.20,974.6 1 0
myflixbot/main.go:974.6,976.17 2 0
myflixbot/main.go:981.3,984.17 4 0
myflixbot/main.go:989.3,990.30 2 0
myflixbot/main.go:1027.3,1027.28 1 0
myflixbot/main.go:976.17,978.12 2 0
myflixbot/main.go:984.17,986.12 2 0
myflixbot/main.go:990.30,998.109 6 0
myflixbot/main.go:1023.4,1023.111 1 0
myflixbot/main.go:998.109,1002.29 3 0
myflixbot/main.go:1008.5,1008.16 1 0
myflixbot/main.go:1019.5,1019.13 1 0
myflixbot/main.go:1002.29,1004.6 1 0
myflixbot/main.go:1004.11,1004.63 1 0
myflixbot/main.go:1004.63,1006.6 1 0
myflixbot/main.go:1008.16,1010.20 2 0
myflixbot/main.go:1010.20,1011.86 1 0
myflixbot/main.go:1011.86,1013.8 1 0
myflixbot/main.go:1015.11,1018.6 1 0
myflixbot/main.go:1023.111,1025.5 1 0
myflixbot/main.go:1032.59,1035.16 2 0
myflixbot/main.go:1036.2,1038.16 3 0
myflixbot/main.go:1039.2,1039.15 1 0
myflixbot/main.go:1041.2,1044.66 2 0
myflixbot/main.go:1048.2,1048.36 1 0
myflixbot/main.go:1064.2,1064.14 1 0
myflixbot/main.go:1035.16,1035.32 1 0
myflixbot/main.go:1038.16,1038.32 1 0
myflixbot/main.go:1039.15,1039.40 1 0
myflixbot/main.go:1044.66,1046.3 1 0
myflixbot/main.go:1048.36,1050.36 2 0
myflixbot/main.go:1050.36,1055.18 4 0
myflixbot/main.go:1056.4,1058.18 3 0
myflixbot/main.go:1055.18,1055.28 1 0
myflixbot/main.go:1058.18,1061.5 2 0
myflixbot/main.go:1067.51,1070.17 3 0
myflixbot/main.go:1075.2,1076.16 2 0
myflixbot/main.go:1070.17,1072.3 1 0
myflixbot/main.go:1072.8,1074.3 1 0
myflixbot/main.go:1076.16,1078.3 1 0
myflixbot/main.go:1081.20,1083.20 2 0
myflixbot/main.go:1087.2,1090.21 3 0
myflixbot/main.go:1083.20,1085.3 1 0
myflixbot/main.go:1090.21,1092.17 2 0
myflixbot/main.go:1096.3,1097.43 2 0
myflixbot/main.go:1102.3,1106.17 3 0
myflixbot/main.go:1110.3,1114.17 4 0
myflixbot/main.go:1092.17,1093.12 1 0
myflixbot/main.go:1097.43,1098.12 1 0
myflixbot/main.go:1106.17,1107.12 1 0
myflixbot/main.go:1114.17,1118.4 3 0
myflixbot/main.go:1122.27,1124.21 2 0
myflixbot/main.go:1124.21,1127.17 2 0
myflixbot/main.go:1130.3,1133.17 4 0
myflixbot/main.go:1136.3,1138.21 2 0
myflixbot/main.go:1143.3,1145.17 3 0
myflixbot/main.go:1155.3,1156.17 2 0
myflixbot/main.go:1159.3,1162.17 4 0
myflixbot/main.go:1166.3,1167.30 2 0
myflixbot/main.go:1184.3,1184.83 1 0
myflixbot/main.go:1127.17,1128.12 1 0
myflixbot/main.go:1133.17,1134.12 1 0
myflixbot/main.go:1138.21,1139.12 1 0
myflixbot/main.go:1145.17,1149.18 4 0
myflixbot/main.go:1149.18,1151.5 1 0
myflixbot/main.go:1156.17,1157.12 1 0
myflixbot/main.go:1162.17,1163.12 1 0
myflixbot/main.go:1167.30,1169.17 2 0
myflixbot/main.go:1173.4,1179.18 6 0
myflixbot/main.go:1169.17,1170.13 1 0
myflixbot/main.go:1179.18,1182.5 2 0
myflixbot/main.go:1201.36,1214.113 6 0
myflixbot/main.go:1214.113,1216.3 1 0
myflixbot/main.go:1219.45,1222.16 3 0
myflixbot/main.go:1225.2,1225.15 1 0
myflixbot/main.go:1231.2,1234.130 3 0
myflixbot/main.go:1237.2,1237.39 1 0
myflixbot/main.go:1245.2,1245.93 1 0
myflixbot/main.go:1222.16,1224.3 1 0
myflixbot/main.go:1225.15,1226.35 1 0
myflixbot/main.go:1226.35,1228.4 1 0
myflixbot/main.go:1234.130,1236.3 1 0
myflixbot/main.go:1237.39,1239.19 2 0
myflixbot/main.go:1239.19,1240.124 1 0
myflixbot/main.go:1240.124,1242.5 1 0
myflixbot/main.go:1248.40,1250.71 1 0
myflixbot/main.go:1254.2,1256.6 2 0
myflixbot/main.go:1250.71,1252.4 1 0
myflixbot/main.go:1256.6,1259.17 3 0
myflixbot/main.go:1264.3,1265.22 2 0
myflixbot/main.go:1272.3,1273.30 2 0
myflixbot/main.go:1259.17,1261.12 2 0
myflixbot/main.go:1265.22,1268.21 2 0
myflixbot/main.go:1268.21,1270.5 1 0
myflixbot/main.go:1277.22,1279.29 2 0
myflixbot/main.go:1279.29,1281.3 1 0
myflixbot/main.go:1284.36,1289.71 2 0
myflixbot/main.go:1293.2,1296.16 3 0
myflixbot/main.go:1289.71,1291.4 1 0
myflixbot/main.go:1296.16,1299.3 2 0
myflixbot/main.go:1299.8,1301.3 1 0
myflixbot/main.go:1304.19,1315.21 4 0
myflixbot/main.go:1315.21,1316.30 1 0
myflixbot/main.go:1316.30,1318.19 2 0
myflixbot/main.go:1322.4,1326.61 4 0
myflixbot/main.go:1318.19,1320.5 1 0
myflixbot/main.go:1326.61,1329.30 3 0
myflixbot/main.go:1329.30,1334.6 3 0
myflixbot/main.go:1335.10,1336.20 1 0
myflixbot/main.go:1337.5,1337.25 1 0
myflixbot/main.go:1336.20,1336.41 1 0
myflixbot/main.go:1343.24,1344.21 1 0
myflixbot/main.go:1348.2,1351.16 4 0
myflixbot/main.go:1344.21,1346.3 1 0
myflixbot/main.go:1351.16,1354.3 2 0
myflixbot/main.go:1354.8,1356.3 1 0
myflixbot/main.go:1359.61,1361.65 2 0
myflixbot/main.go:1365.2,1368.64 2 0
myflixbot/main.go:1398.2,1398.30 1 0
myflixbot/main.go:1361.65,1363.3 1 0
myflixbot/main.go:1368.64,1370.94 2 0
myflixbot/main.go:1373.3,1373.30 1 0
myflixbot/main.go:1370.94,1372.4 1 0
myflixbot/main.go:1373.30,1375.18 2 0
myflixbot/main.go:1375.18,1379.5 3 0
myflixbot/main.go:1381.8,1381.73 1 0
myflixbot/main.go:1381.73,1383.61 2 0
myflixbot/main.go:1386.3,1386.30 1 0
myflixbot/main.go:1383.61,1385.4 1 0
myflixbot/main.go:1386.30,1388.18 2 0
myflixbot/main.go:1388.18,1392.5 3 0
myflixbot/main.go:1394.8,1397.3 2 0
myflixbot/main.go:1406.45,1408.79 2 0
myflixbot/main.go:1421.2,1421.26 1 0
myflixbot/main.go:1424.2,1424.11 1 0
myflixbot/main.go:1408.79,1409.17 1 0
myflixbot/main.go:1412.3,1412.17 1 0
myflixbot/main.go:1419.3,1419.13 1 0
myflixbot/main.go:1409.17,1411.4 1 0
myflixbot/main.go:1412.17,1414.91 2 0
myflixbot/main.go:1414.91,1417.5 2 0
myflixbot/main.go:1421.26,1423.3 1 0
myflixbot/main.go:1439.60,1449.2 7 0
myflixbot/main.go:1451.48,1453.69 2 0
myflixbot/main.go:1478.2,1479.32 2 0
myflixbot/main.go:1453.69,1460.10 5 0
myflixbot/main.go:1467.3,1469.50 2 0
myflixbot/main.go:1476.3,1476.29 1 0
myflixbot/main.go:1460.10,1464.4 3 0
myflixbot/main.go:1469.50,1473.4 3 0
myflixbot/main.go:1482.13,1483.17 1 0
myflixbot/main.go:1487.2,1491.16 3 0
myflixbot/main.go:1497.2,1508.20 10 0
myflixbot/main.go:1509.2,1510.19 2 0
myflixbot/main.go:1512.2,1522.12 8 0
myflixbot/main.go:1528.2,1528.50 1 0
myflixbot/main.go:1533.3,1533.51 1 0
myflixbot/main.go:1534.3,1534.52 1 0
myflixbot/main.go:1535.3,1535.52 1 0
myflixbot/main.go:1538.3,1538.49 1 0
myflixbot/main.go:1541.3,1541.51 1 0
myflixbot/main.go:1543.3,1543.54 1 0
myflixbot/main.go:1588.3,1588.67 1 0
myflixbot/main.go:1589.3,1589.72 1 0
myflixbot/main.go:1593.3,1593.73 1 0
myflixbot/main.go:1594.3,1594.78 1 0
myflixbot/main.go:1597.3,1597.74 1 0
myflixbot/main.go:1600.3,1600.75 1 0
myflixbot/main.go:1603.3,1603.74 1 0
myflixbot/main.go:1608.4,1608.70 1 0
myflixbot/main.go:1627.3,1627.69 1 0
myflixbot/main.go:1648.3,1648.71 1 0
myflixbot/main.go:1688.3,1688.70 1 0
myflixbot/main.go:1765.3,1768.14 4 0
myflixbot/main.go:1483.17,1485.3 1 0
myflixbot/main.go:1491.16,1494.3 2 0
myflixbot/main.go:1508.20,1508.51 1 0
myflixbot/main.go:1510.19,1510.49 1 0
myflixbot/main.go:1522.12,1523.69 1 0
myflixbot/main.go:1524.3,1525.36 2 0
myflixbot/main.go:1523.69,1523.94 1 0
myflixbot/main.go:1528.50,1530.3 1 0
myflixbot/main.go:1533.51,1533.95 1 0
myflixbot/main.go:1534.52,1534.97 1 0
myflixbot/main.go:1535.52,1537.4 1 0
myflixbot/main.go:1538.49,1540.4 1 0
myflixbot/main.go:1541.51,1541.84 1 0
myflixbot/main.go:1543.54,1545.34 1 0
myflixbot/main.go:1546.3,1547.54 2 0
myflixbot/main.go:1550.3,1552.21 3 0
myflixbot/main.go:1563.3,1563.24 1 0
myflixbot/main.go:1565.3,1568.31 4 0
myflixbot/main.go:1583.3,1584.43 2 0
myflixbot/main.go:1545.34,1545.48 1 0
myflixbot/main.go:1547.54,1547.68 1 0
myflixbot/main.go:1552.21,1554.26 2 0
myflixbot/main.go:1554.26,1556.29 2 0
myflixbot/main.go:1559.5,1559.16 1 0
myflixbot/main.go:1556.29,1557.34 1 0
myflixbot/main.go:1557.34,1557.56 2 0
myflixbot/main.go:1559.16,1559.48 1 0
myflixbot/main.go:1563.24,1563.65 1 0
myflixbot/main.go:1568.31,1569.14 1 0
myflixbot/main.go:1570.4,1571.54 2 0
myflixbot/main.go:1572.4,1573.31 2 0
myflixbot/main.go:1575.4,1576.31 2 0
myflixbot/main.go:1569.14,1569.21 1 0
myflixbot/main.go:1571.54,1571.71 1 0
myflixbot/main.go:1573.31,1573.50 1 0
myflixbot/main.go:1576.31,1579.5 1 0
myflixbot/main.go:1579.10,1581.5 1 0
myflixbot/main.go:1588.67,1588.114 1 0
myflixbot/main.go:1589.72,1592.4 2 0
myflixbot/main.go:1593.73,1593.105 1 0
myflixbot/main.go:1594.78,1596.4 1 0
myflixbot/main.go:1597.74,1599.4 1 0
myflixbot/main.go:1600.75,1602.4 1 0
myflixbot/main.go:1603.74,1604.35 1 0
myflixbot/main.go:1605.4,1606.72 2 0
myflixbot/main.go:1604.35,1604.49 1 0
myflixbot/main.go:1608.70,1614.27 5 0
myflixbot/main.go:1619.3,1619.18 1 0
myflixbot/main.go:1621.3,1621.21 1 0
myflixbot/main.go:1624.3,1624.50 1 0
myflixbot/main.go:1614.27,1615.44 1 0
myflixbot/main.go:1615.44,1616.20 2 0
myflixbot/main.go:1619.18,1619.55 1 0
myflixbot/main.go:1621.21,1623.4 1 0
myflixbot/main.go:1627.69,1633.24 5 0
myflixbot/main.go:1635.5,1636.24 2 0
myflixbot/main.go:1637.3,1640.43 4 0
myflixbot/main.go:1643.3,1645.38 3 0
myflixbot/main.go:1633.24,1633.78 2 0
myflixbot/main.go:1636.24,1636.52 1 0
myflixbot/main.go:1640.43,1642.4 1 0
myflixbot/main.go:1648.71,1654.27 5 0
myflixbot/main.go:1659.3,1659.18 1 0
myflixbot/main.go:1661.3,1665.21 3 0
myflixbot/main.go:1672.3,1674.21 2 0
myflixbot/main.go:1678.3,1685.36 6 0
myflixbot/main.go:1654.27,1655.44 1 0
myflixbot/main.go:1655.44,1656.20 2 0
myflixbot/main.go:1659.18,1659.55 1 0
myflixbot/main.go:1665.21,1667.4 1 0
myflixbot/main.go:1667.9,1667.29 1 0
myflixbot/main.go:1667.29,1669.4 1 0
myflixbot/main.go:1674.21,1676.4 1 0
myflixbot/main.go:1688.70,1697.23 5 0
myflixbot/main.go:1702.3,1705.17 4 0
myflixbot/main.go:1709.3,1711.29 2 0
myflixbot/main.go:1717.3,1720.24 3 0
myflixbot/main.go:1725.3,1727.67 2 0
myflixbot/main.go:1731.3,1734.23 4 0
myflixbot/main.go:1740.3,1742.23 3 0
myflixbot/main.go:1746.3,1750.17 5 0
myflixbot/main.go:1751.3,1753.30 2 0
myflixbot/main.go:1759.3,1760.18 2 0
myflixbot/main.go:1762.3,1762.94 1 0
myflixbot/main.go:1697.23,1700.4 2 0
myflixbot/main.go:1705.17,1708.4 2 0
myflixbot/main.go:1711.29,1715.4 3 0
myflixbot/main.go:1720.24,1723.4 2 0
myflixbot/main.go:1727.67,1729.4 1 0
myflixbot/main.go:1734.23,1738.4 3 0
myflixbot/main.go:1742.23,1744.4 1 0
myflixbot/main.go:1750.17,1750.61 1 0
myflixbot/main.go:1753.30,1757.4 3 0
myflixbot/main.go:1760.18,1760.54 1 0
myflixbot/maintenance.go:16.30,18.6 2 0
myflixbot/maintenance.go:18.6,21.25 3 0
myflixbot/maintenance.go:25.3,28.23 3 0
myflixbot/maintenance.go:21.25,23.4 1 0
myflixbot/maintenance.go:32.27,44.41 5 0
myflixbot/maintenance.go:49.2,52.37 2 0
myflixbot/maintenance.go:44.41,46.3 1 0
myflixbot/maintenance.go:55.24,59.16 4 0
myflixbot/maintenance.go:64.2,64.60 1 0
myflixbot/maintenance.go:59.16,63.3 3 0
myflixbot/maintenance.go:67.33,68.16 1 0
myflixbot/maintenance.go:68.16,69.82 1 0
myflixbot/maintenance.go:69.82,71.4 1 0
myflixbot/maintenance.go:75.30,79.92 3 0
myflixbot/maintenance.go:89.2,89.16 1 0
myflixbot/maintenance.go:92.2,92.66 1 0
myflixbot/maintenance.go:79.92,80.70 1 0
myflixbot/maintenance.go:87.3,87.13 1 0
myflixbot/maintenance.go:80.70,81.42 1 0
myflixbot/maintenance.go:81.42,83.5 1 0
myflixbot/maintenance.go:83.10,85.5 1 0
myflixbot/maintenance.go:89.16,91.3 1 0
myflixbot/maintenance.go:95.26,99.71 2 0
myflixbot/maintenance.go:103.2,107.16 3 0
myflixbot/maintenance.go:99.71,101.4 1 0
myflixbot/maintenance.go:107.16,108.16 1 0
myflixbot/maintenance.go:113.3,113.63 1 0
myflixbot/maintenance.go:108.16,109.44 1 0
myflixbot/maintenance.go:109.44,111.5 1 0
myflixbot/maintenance.go:114.8,116.3 1 0
myflixbot/maintenance.go:119.27,123.34 3 0
myflixbot/maintenance.go:128.2,129.54 2 0
myflixbot/maintenance.go:123.34,126.3 2 0
myflixbot/maintenance.go:129.54,134.59 2 0
myflixbot/maintenance.go:134.59,136.4 1 0
myflixbot/maintenance.go:140.38,142.2 1 1
myflixbot/storage.go:8.58,11.16 3 0
myflixbot/storage.go:14.2,17.66 4 0
myflixbot/storage.go:11.16,13.3 1 0
myflixbot/storage.go:20.25,24.20 3 0
myflixbot/storage.go:27.2,28.19 2 0
myflixbot/storage.go:32.2,39.26 2 0
myflixbot/storage.go:45.2,46.15 2 0
myflixbot/storage.go:24.20,26.3 1 0
myflixbot/storage.go:28.19,30.3 1 0
myflixbot/storage.go:39.26,40.44 1 0
myflixbot/storage.go:40.44,43.4 2 0
myflixbot/vault.go:14.88,21.16 5 1
myflixbot/vault.go:25.2,25.14 1 1
myflixbot/vault.go:39.2,39.49 1 1
myflixbot/vault.go:46.2,46.54 1 1
myflixbot/vault.go:50.2,50.12 1 1
myflixbot/vault.go:21.16,23.3 1 0
myflixbot/vault.go:25.14,28.17 2 1
myflixbot/vault.go:32.3,33.17 2 1
myflixbot/vault.go:28.17,30.4 1 0
myflixbot/vault.go:33.17,35.4 1 0
myflixbot/vault.go:39.49,40.88 1 1
myflixbot/vault.go:40.88,42.4 1 0
myflixbot/vault.go:46.54,48.3 1 0
myflixbot/vault.go:54.64,61.32 2 1
myflixbot/vault.go:71.2,71.12 1 1
myflixbot/vault.go:61.32,63.17 2 1
myflixbot/vault.go:63.17,65.109 2 0
myflixbot/vault.go:68.4,68.95 1 0
myflixbot/vault.go:65.109,66.13 1 0
myflixbot/vault.go:75.73,77.16 2 1
myflixbot/vault.go:80.2,81.24 2 1
myflixbot/vault.go:84.2,84.16 1 0
myflixbot/vault.go:88.2,88.52 1 0
myflixbot/vault.go:77.16,79.3 1 0
myflixbot/vault.go:81.24,83.3 1 1
myflixbot/vault.go:84.16,86.3 1 0
myflixbot/daemons.go:17.36,19.74 2 0
myflixbot/daemons.go:58.2,64.79 3 0
myflixbot/daemons.go:19.74,23.17 3 0
myflixbot/daemons.go:30.3,30.16 1 0
myflixbot/daemons.go:36.3,37.17 2 0
myflixbot/daemons.go:42.3,44.63 2 0
myflixbot/daemons.go:52.3,53.84 2 0
myflixbot/daemons.go:23.17,25.70 2 0
myflixbot/daemons.go:28.4,28.10 1 0
myflixbot/daemons.go:25.70,27.5 1 0
myflixbot/daemons.go:30.16,31.44 1 0
myflixbot/daemons.go:31.44,33.5 1 0
myflixbot/daemons.go:37.17,41.4 3 0
myflixbot/daemons.go:44.63,46.72 2 0
myflixbot/daemons.go:49.4,49.10 1 0
myflixbot/daemons.go:46.72,48.5 1 0
myflixbot/daemons.go:53.84,55.4 1 0
myflixbot/daemons.go:64.79,66.3 1 0
myflixbot/daemons.go:70.43,72.52 2 0
myflixbot/daemons.go:76.2,79.16 4 0
myflixbot/daemons.go:80.2,80.31 1 0
myflixbot/daemons.go:72.52,74.3 1 0
myflixbot/daemons.go:79.16,79.32 1 0
myflixbot/daemons.go:83.53,85.16 2 0
myflixbot/daemons.go:88.2,88.15 1 0
myflixbot/daemons.go:90.2,91.16 2 0
myflixbot/daemons.go:94.2,94.15 1 0
myflixbot/daemons.go:96.2,96.43 1 0
myflixbot/daemons.go:101.2,101.35 1 0
myflixbot/daemons.go:104.2,104.36 1 0
myflixbot/daemons.go:108.2,108.26 1 0
myflixbot/daemons.go:85.16,87.3 1 0
myflixbot/daemons.go:88.15,88.33 1 0
myflixbot/daemons.go:91.16,93.3 1 0
myflixbot/daemons.go:94.15,94.34 1 0
myflixbot/daemons.go:96.43,98.3 1 0
myflixbot/daemons.go:101.35,103.3 1 0
myflixbot/daemons.go:104.36,106.3 1 0
myflixbot/daemons.go:111.72,113.21 2 0
myflixbot/daemons.go:113.21,115.29 2 0
myflixbot/daemons.go:119.3,127.87 4 0
myflixbot/daemons.go:143.3,143.17 1 0
myflixbot/daemons.go:149.3,149.41 1 0
myflixbot/daemons.go:153.3,153.27 1 0
myflixbot/daemons.go:115.29,116.12 1 0
myflixbot/daemons.go:127.87,128.34 1 0
myflixbot/daemons.go:133.4,133.39 1 0
myflixbot/daemons.go:137.4,137.52 1 0
myflixbot/daemons.go:141.4,141.14 1 0
myflixbot/daemons.go:128.34,130.5 1 0
myflixbot/daemons.go:133.39,135.5 1 0
myflixbot/daemons.go:137.52,140.5 1 0
myflixbot/daemons.go:143.17,145.12 2 0
myflixbot/daemons.go:149.41,151.4 1 0
myflixbot/daemons.go:153.27,154.50 1 0
myflixbot/daemons.go:159.4,160.18 2 0
myflixbot/daemons.go:164.4,165.68 2 0
myflixbot/daemons.go:170.4,171.18 2 0
myflixbot/daemons.go:154.50,156.10 2 0
myflixbot/daemons.go:160.18,161.13 1 0
myflixbot/daemons.go:165.68,167.13 2 0
myflixbot/daemons.go:171.18,173.5 1 0
myflixbot/daemons.go:173.10,175.5 1 0
myflixbot/daemons.go:181.51,183.6 2 0
myflixbot/daemons.go:183.6,186.25 3 0
myflixbot/daemons.go:190.3,194.72 4 0
myflixbot/daemons.go:186.25,188.4 1 0
myflixbot/daemons.go:194.72,198.4 1 0
myflixbot/daemons.go:198.9,200.4 1 0
